<?xml version="1.0" encoding="UTF-8"?>
<testng-results ignored="0" total="1" passed="1" failed="0" skipped="0">
  <reporter-output>
  </reporter-output>
  <suite started-at="2022-03-08T15:10:39 IST" name="Default suite" finished-at="2022-03-08T15:10:39 IST" duration-ms="43">
    <groups>
    </groups>
    <test started-at="2022-03-08T15:10:39 IST" name="Default test" finished-at="2022-03-08T15:10:39 IST" duration-ms="43">
      <class name="Program2">
        <test-method signature="run()[pri:0, instance:Program2@53fdffa1]" started-at="2022-03-08T15:10:39 IST" name="run" finished-at="2022-03-08T15:10:39 IST" duration-ms="13" status="PASS">
          <reporter-output>
          </reporter-output>
        </test-method> <!-- run -->
      </class> <!-- Program2 -->
    </test> <!-- Default test -->
  </suite> <!-- Default suite -->
</testng-results>
